{"/home/savoyarde/TP-nodejs/apps/realtime-elo-ranker-server/src/app.controller.ts": {"path":"/home/savoyarde/TP-nodejs/apps/realtime-elo-ranker-server/src/app.controller.ts","statementMap":{"0":{"start":{"line":1,"column":0},"end":{"line":1,"column":49}},"1":{"start":{"line":2,"column":0},"end":{"line":2,"column":43}},"2":{"start":{"line":5,"column":7},"end":{"line":12,"column":null}},"3":{"start":{"line":6,"column":31},"end":{"line":6,"column":43}},"4":{"start":{"line":10,"column":4},"end":{"line":10,"column":38}},"5":{"start":{"line":5,"column":13},"end":{"line":5,"column":26}},"6":{"start":{"line":9,"column":2},"end":{"line":11,"column":null}},"7":{"start":{"line":5,"column":13},"end":{"line":12,"column":null}}},"fnMap":{"0":{"name":"(anonymous_2)","decl":{"start":{"line":6,"column":2},"end":{"line":6,"column":31}},"loc":{"start":{"line":6,"column":53},"end":{"line":6,"column":57}}},"1":{"name":"(anonymous_3)","decl":{"start":{"line":9,"column":2},"end":{"line":9,"column":10}},"loc":{"start":{"line":9,"column":10},"end":{"line":11,"column":3}}}},"branchMap":{},"s":{"0":1,"1":1,"2":1,"3":2,"4":1,"5":1,"6":1,"7":1},"f":{"0":2,"1":1},"b":{}}
,"/home/savoyarde/TP-nodejs/apps/realtime-elo-ranker-server/src/app.module.ts": {"path":"/home/savoyarde/TP-nodejs/apps/realtime-elo-ranker-server/src/app.module.ts","statementMap":{"0":{"start":{"line":1,"column":0},"end":{"line":1,"column":40}},"1":{"start":{"line":2,"column":0},"end":{"line":2,"column":48}},"2":{"start":{"line":3,"column":0},"end":{"line":3,"column":49}},"3":{"start":{"line":4,"column":0},"end":{"line":4,"column":43}},"4":{"start":{"line":5,"column":0},"end":{"line":5,"column":60}},"5":{"start":{"line":6,"column":0},"end":{"line":6,"column":68}},"6":{"start":{"line":7,"column":0},"end":{"line":7,"column":57}},"7":{"start":{"line":8,"column":0},"end":{"line":8,"column":63}},"8":{"start":{"line":25,"column":7},"end":{"line":25,"column":null}},"9":{"start":{"line":25,"column":13},"end":{"line":25,"column":22}},"10":{"start":{"line":25,"column":13},"end":{"line":25,"column":null}}},"fnMap":{},"branchMap":{},"s":{"0":0,"1":0,"2":0,"3":0,"4":0,"5":0,"6":0,"7":0,"8":0,"9":0,"10":0},"f":{},"b":{}}
,"/home/savoyarde/TP-nodejs/apps/realtime-elo-ranker-server/src/app.service.ts": {"path":"/home/savoyarde/TP-nodejs/apps/realtime-elo-ranker-server/src/app.service.ts","statementMap":{"0":{"start":{"line":1,"column":0},"end":{"line":1,"column":44}},"1":{"start":{"line":4,"column":7},"end":{"line":8,"column":null}},"2":{"start":{"line":6,"column":4},"end":{"line":6,"column":26}},"3":{"start":{"line":4,"column":13},"end":{"line":4,"column":23}},"4":{"start":{"line":4,"column":13},"end":{"line":8,"column":null}}},"fnMap":{"0":{"name":"(anonymous_1)","decl":{"start":{"line":5,"column":2},"end":{"line":5,"column":10}},"loc":{"start":{"line":5,"column":10},"end":{"line":7,"column":3}}}},"branchMap":{},"s":{"0":1,"1":1,"2":1,"3":1,"4":1},"f":{"0":1},"b":{}}
,"/home/savoyarde/TP-nodejs/apps/realtime-elo-ranker-server/src/main.ts": {"path":"/home/savoyarde/TP-nodejs/apps/realtime-elo-ranker-server/src/main.ts","statementMap":{"0":{"start":{"line":1,"column":0},"end":{"line":1,"column":43}},"1":{"start":{"line":2,"column":0},"end":{"line":2,"column":41}},"2":{"start":{"line":5,"column":14},"end":{"line":5,"column":49}},"3":{"start":{"line":6,"column":2},"end":{"line":6,"column":19}},"4":{"start":{"line":7,"column":2},"end":{"line":7,"column":45}},"5":{"start":{"line":9,"column":0},"end":{"line":9,"column":12}}},"fnMap":{"0":{"name":"bootstrap","decl":{"start":{"line":4,"column":15},"end":{"line":4,"column":24}},"loc":{"start":{"line":4,"column":24},"end":{"line":8,"column":1}}}},"branchMap":{"0":{"loc":{"start":{"line":7,"column":19},"end":{"line":7,"column":43}},"type":"binary-expr","locations":[{"start":{"line":7,"column":19},"end":{"line":7,"column":35}},{"start":{"line":7,"column":39},"end":{"line":7,"column":43}}]}},"s":{"0":0,"1":0,"2":0,"3":0,"4":0,"5":0},"f":{"0":0},"b":{"0":[0,0]}}
,"/home/savoyarde/TP-nodejs/apps/realtime-elo-ranker-server/src/api/match/match.controller.ts": {"path":"/home/savoyarde/TP-nodejs/apps/realtime-elo-ranker-server/src/api/match/match.controller.ts","statementMap":{"0":{"start":{"line":1,"column":0},"end":{"line":1,"column":61}},"1":{"start":{"line":3,"column":0},"end":{"line":3,"column":47}},"2":{"start":{"line":6,"column":0},"end":{"line":6,"column":56}},"3":{"start":{"line":7,"column":0},"end":{"line":7,"column":57}},"4":{"start":{"line":10,"column":7},"end":{"line":49,"column":null}},"5":{"start":{"line":12,"column":21},"end":{"line":12,"column":33}},"6":{"start":{"line":13,"column":21},"end":{"line":13,"column":36}},"7":{"start":{"line":21,"column":36},"end":{"line":21,"column":50}},"8":{"start":{"line":24,"column":4},"end":{"line":30,"column":5}},"9":{"start":{"line":25,"column":6},"end":{"line":29,"column":28}},"10":{"start":{"line":33,"column":24},"end":{"line":33,"column":69}},"11":{"start":{"line":34,"column":23},"end":{"line":34,"column":67}},"12":{"start":{"line":36,"column":4},"end":{"line":41,"column":5}},"13":{"start":{"line":37,"column":6},"end":{"line":40,"column":28}},"14":{"start":{"line":43,"column":4},"end":{"line":45,"column":7}},"15":{"start":{"line":44,"column":6},"end":{"line":44,"column":58}},"16":{"start":{"line":47,"column":4},"end":{"line":47,"column":67}},"17":{"start":{"line":10,"column":13},"end":{"line":10,"column":28}},"18":{"start":{"line":17,"column":8},"end":{"line":48,"column":null}},"19":{"start":{"line":10,"column":13},"end":{"line":49,"column":null}}},"fnMap":{"0":{"name":"(anonymous_4)","decl":{"start":{"line":11,"column":2},"end":{"line":11,"column":null}},"loc":{"start":{"line":13,"column":49},"end":{"line":14,"column":6}}},"1":{"name":"(anonymous_5)","decl":{"start":{"line":17,"column":2},"end":{"line":17,"column":7}},"loc":{"start":{"line":19,"column":24},"end":{"line":48,"column":3}}},"2":{"name":"(anonymous_6)","decl":{"start":{"line":43,"column":53},"end":{"line":43,"column":56}},"loc":{"start":{"line":43,"column":58},"end":{"line":45,"column":5}}}},"branchMap":{"0":{"loc":{"start":{"line":24,"column":4},"end":{"line":30,"column":5}},"type":"if","locations":[{"start":{"line":24,"column":4},"end":{"line":30,"column":5}}]},"1":{"loc":{"start":{"line":36,"column":4},"end":{"line":41,"column":5}},"type":"if","locations":[{"start":{"line":36,"column":4},"end":{"line":41,"column":5}}]},"2":{"loc":{"start":{"line":36,"column":8},"end":{"line":36,"column":35}},"type":"binary-expr","locations":[{"start":{"line":36,"column":8},"end":{"line":36,"column":20}},{"start":{"line":36,"column":24},"end":{"line":36,"column":35}}]}},"s":{"0":1,"1":1,"2":1,"3":1,"4":1,"5":4,"6":4,"7":4,"8":4,"9":1,"10":3,"11":3,"12":3,"13":2,"14":1,"15":0,"16":1,"17":1,"18":1,"19":1},"f":{"0":4,"1":4,"2":0},"b":{"0":[1],"1":[2],"2":[3,1]}}
,"/home/savoyarde/TP-nodejs/apps/realtime-elo-ranker-server/src/api/match/match.module.ts": {"path":"/home/savoyarde/TP-nodejs/apps/realtime-elo-ranker-server/src/api/match/match.module.ts","statementMap":{"0":{"start":{"line":1,"column":0},"end":{"line":1,"column":40}},"1":{"start":{"line":2,"column":0},"end":{"line":2,"column":47}},"2":{"start":{"line":3,"column":0},"end":{"line":3,"column":53}},"3":{"start":{"line":4,"column":0},"end":{"line":4,"column":48}},"4":{"start":{"line":5,"column":0},"end":{"line":5,"column":52}},"5":{"start":{"line":6,"column":0},"end":{"line":6,"column":54}},"6":{"start":{"line":7,"column":0},"end":{"line":7,"column":57}},"7":{"start":{"line":15,"column":7},"end":{"line":15,"column":null}},"8":{"start":{"line":15,"column":13},"end":{"line":15,"column":24}},"9":{"start":{"line":15,"column":13},"end":{"line":15,"column":null}}},"fnMap":{},"branchMap":{},"s":{"0":0,"1":0,"2":0,"3":0,"4":0,"5":0,"6":0,"7":0,"8":0,"9":0},"f":{},"b":{}}
,"/home/savoyarde/TP-nodejs/apps/realtime-elo-ranker-server/src/api/match/match.service.ts": {"path":"/home/savoyarde/TP-nodejs/apps/realtime-elo-ranker-server/src/api/match/match.service.ts","statementMap":{"0":{"start":{"line":1,"column":0},"end":{"line":1,"column":44}},"1":{"start":{"line":2,"column":0},"end":{"line":2,"column":54}},"2":{"start":{"line":3,"column":0},"end":{"line":3,"column":51}},"3":{"start":{"line":4,"column":0},"end":{"line":4,"column":52}},"4":{"start":{"line":5,"column":0},"end":{"line":5,"column":54}},"5":{"start":{"line":6,"column":0},"end":{"line":6,"column":37}},"6":{"start":{"line":7,"column":0},"end":{"line":7,"column":45}},"7":{"start":{"line":8,"column":0},"end":{"line":8,"column":63}},"8":{"start":{"line":9,"column":0},"end":{"line":9,"column":55}},"9":{"start":{"line":12,"column":7},"end":{"line":59,"column":null}},"10":{"start":{"line":15,"column":21},"end":{"line":15,"column":30}},"11":{"start":{"line":18,"column":21},"end":{"line":18,"column":30}},"12":{"start":{"line":20,"column":12},"end":{"line":20,"column":26}},"13":{"start":{"line":24,"column":4},"end":{"line":24,"column":50}},"14":{"start":{"line":24,"column":23},"end":{"line":24,"column":50}},"15":{"start":{"line":25,"column":4},"end":{"line":25,"column":31}},"16":{"start":{"line":29,"column":4},"end":{"line":29,"column":28}},"17":{"start":{"line":33,"column":4},"end":{"line":33,"column":30}},"18":{"start":{"line":33,"column":23},"end":{"line":33,"column":30}},"19":{"start":{"line":34,"column":21},"end":{"line":34,"column":74}},"20":{"start":{"line":35,"column":20},"end":{"line":35,"column":72}},"21":{"start":{"line":37,"column":4},"end":{"line":37,"column":38}},"22":{"start":{"line":37,"column":31},"end":{"line":37,"column":38}},"23":{"start":{"line":39,"column":42},"end":{"line":39,"column":77}},"24":{"start":{"line":41,"column":4},"end":{"line":43,"column":7}},"25":{"start":{"line":42,"column":6},"end":{"line":42,"column":42}},"26":{"start":{"line":44,"column":4},"end":{"line":46,"column":7}},"27":{"start":{"line":45,"column":6},"end":{"line":45,"column":41}},"28":{"start":{"line":50,"column":4},"end":{"line":53,"column":6}},"29":{"start":{"line":57,"column":4},"end":{"line":57,"column":36}},"30":{"start":{"line":12,"column":13},"end":{"line":12,"column":25}},"31":{"start":{"line":12,"column":13},"end":{"line":59,"column":null}}},"fnMap":{"0":{"name":"(anonymous_4)","decl":{"start":{"line":13,"column":2},"end":{"line":13,"column":null}},"loc":{"start":{"line":20,"column":39},"end":{"line":21,"column":6}}},"1":{"name":"(anonymous_5)","decl":{"start":{"line":23,"column":2},"end":{"line":23,"column":9}},"loc":{"start":{"line":23,"column":9},"end":{"line":26,"column":3}}},"2":{"name":"(anonymous_6)","decl":{"start":{"line":28,"column":2},"end":{"line":28,"column":8}},"loc":{"start":{"line":28,"column":21},"end":{"line":30,"column":3}}},"3":{"name":"(anonymous_7)","decl":{"start":{"line":32,"column":2},"end":{"line":32,"column":7}},"loc":{"start":{"line":32,"column":62},"end":{"line":47,"column":3}}},"4":{"name":"(anonymous_8)","decl":{"start":{"line":41,"column":47},"end":{"line":41,"column":50}},"loc":{"start":{"line":41,"column":52},"end":{"line":43,"column":5}}},"5":{"name":"(anonymous_9)","decl":{"start":{"line":44,"column":46},"end":{"line":44,"column":49}},"loc":{"start":{"line":44,"column":51},"end":{"line":46,"column":5}}},"6":{"name":"(anonymous_10)","decl":{"start":{"line":49,"column":2},"end":{"line":49,"column":18}},"loc":{"start":{"line":49,"column":33},"end":{"line":54,"column":3}}},"7":{"name":"(anonymous_11)","decl":{"start":{"line":56,"column":2},"end":{"line":56,"column":6}},"loc":{"start":{"line":56,"column":19},"end":{"line":58,"column":3}}}},"branchMap":{"0":{"loc":{"start":{"line":24,"column":4},"end":{"line":24,"column":50}},"type":"if","locations":[{"start":{"line":24,"column":4},"end":{"line":24,"column":50}}]},"1":{"loc":{"start":{"line":33,"column":4},"end":{"line":33,"column":30}},"type":"if","locations":[{"start":{"line":33,"column":4},"end":{"line":33,"column":30}}]},"2":{"loc":{"start":{"line":37,"column":4},"end":{"line":37,"column":38}},"type":"if","locations":[{"start":{"line":37,"column":4},"end":{"line":37,"column":38}}]},"3":{"loc":{"start":{"line":37,"column":8},"end":{"line":37,"column":29}},"type":"binary-expr","locations":[{"start":{"line":37,"column":8},"end":{"line":37,"column":17}},{"start":{"line":37,"column":21},"end":{"line":37,"column":29}}]}},"s":{"0":1,"1":1,"2":1,"3":1,"4":1,"5":1,"6":1,"7":1,"8":1,"9":1,"10":4,"11":4,"12":4,"13":0,"14":0,"15":0,"16":1,"17":0,"18":0,"19":0,"20":0,"21":0,"22":0,"23":0,"24":0,"25":0,"26":0,"27":0,"28":0,"29":1,"30":1,"31":1},"f":{"0":4,"1":0,"2":1,"3":0,"4":0,"5":0,"6":0,"7":1},"b":{"0":[0],"1":[0],"2":[0],"3":[0,0]}}
,"/home/savoyarde/TP-nodejs/apps/realtime-elo-ranker-server/src/api/match/dto/create-match.dto.ts": {"path":"/home/savoyarde/TP-nodejs/apps/realtime-elo-ranker-server/src/api/match/dto/create-match.dto.ts","statementMap":{"0":{"start":{"line":1,"column":0},"end":{"line":1,"column":66}},"1":{"start":{"line":3,"column":0},"end":{"line":3,"column":13}},"2":{"start":{"line":6,"column":11},"end":{"line":6,"column":null}},"3":{"start":{"line":10,"column":11},"end":{"line":10,"column":null}},"4":{"start":{"line":14,"column":11},"end":{"line":14,"column":null}}},"fnMap":{},"branchMap":{},"s":{"0":1,"1":1,"2":1,"3":1,"4":1},"f":{},"b":{}}
,"/home/savoyarde/TP-nodejs/apps/realtime-elo-ranker-server/src/api/player/player.controller.ts": {"path":"/home/savoyarde/TP-nodejs/apps/realtime-elo-ranker-server/src/api/player/player.controller.ts","statementMap":{"0":{"start":{"line":1,"column":0},"end":{"line":1,"column":61}},"1":{"start":{"line":2,"column":0},"end":{"line":2,"column":49}},"2":{"start":{"line":6,"column":0},"end":{"line":6,"column":58}},"3":{"start":{"line":9,"column":7},"end":{"line":37,"column":null}},"4":{"start":{"line":10,"column":31},"end":{"line":10,"column":43}},"5":{"start":{"line":17,"column":4},"end":{"line":22,"column":5}},"6":{"start":{"line":18,"column":6},"end":{"line":21,"column":9}},"7":{"start":{"line":24,"column":25},"end":{"line":24,"column":79}},"8":{"start":{"line":26,"column":4},"end":{"line":31,"column":5}},"9":{"start":{"line":27,"column":6},"end":{"line":30,"column":28}},"10":{"start":{"line":33,"column":4},"end":{"line":33,"column":50}},"11":{"start":{"line":35,"column":4},"end":{"line":35,"column":69}},"12":{"start":{"line":9,"column":13},"end":{"line":9,"column":29}},"13":{"start":{"line":13,"column":8},"end":{"line":36,"column":null}},"14":{"start":{"line":9,"column":13},"end":{"line":37,"column":null}}},"fnMap":{"0":{"name":"(anonymous_4)","decl":{"start":{"line":10,"column":2},"end":{"line":10,"column":31}},"loc":{"start":{"line":10,"column":56},"end":{"line":10,"column":60}}},"1":{"name":"(anonymous_5)","decl":{"start":{"line":13,"column":2},"end":{"line":13,"column":7}},"loc":{"start":{"line":15,"column":24},"end":{"line":36,"column":3}}}},"branchMap":{"0":{"loc":{"start":{"line":17,"column":4},"end":{"line":22,"column":5}},"type":"if","locations":[{"start":{"line":17,"column":4},"end":{"line":22,"column":5}}]},"1":{"loc":{"start":{"line":26,"column":4},"end":{"line":31,"column":5}},"type":"if","locations":[{"start":{"line":26,"column":4},"end":{"line":31,"column":5}}]}},"s":{"0":1,"1":1,"2":1,"3":1,"4":4,"5":3,"6":1,"7":2,"8":2,"9":1,"10":1,"11":1,"12":1,"13":1,"14":1},"f":{"0":4,"1":3},"b":{"0":[1],"1":[1]}}
,"/home/savoyarde/TP-nodejs/apps/realtime-elo-ranker-server/src/api/player/player.module.ts": {"path":"/home/savoyarde/TP-nodejs/apps/realtime-elo-ranker-server/src/api/player/player.module.ts","statementMap":{"0":{"start":{"line":1,"column":0},"end":{"line":1,"column":40}},"1":{"start":{"line":2,"column":0},"end":{"line":2,"column":55}},"2":{"start":{"line":3,"column":0},"end":{"line":3,"column":49}},"3":{"start":{"line":4,"column":0},"end":{"line":4,"column":48}},"4":{"start":{"line":5,"column":0},"end":{"line":5,"column":52}},"5":{"start":{"line":13,"column":7},"end":{"line":13,"column":null}},"6":{"start":{"line":13,"column":13},"end":{"line":13,"column":25}},"7":{"start":{"line":13,"column":13},"end":{"line":13,"column":null}}},"fnMap":{},"branchMap":{},"s":{"0":0,"1":0,"2":0,"3":0,"4":0,"5":0,"6":0,"7":0},"f":{},"b":{}}
,"/home/savoyarde/TP-nodejs/apps/realtime-elo-ranker-server/src/api/player/player.service.ts": {"path":"/home/savoyarde/TP-nodejs/apps/realtime-elo-ranker-server/src/api/player/player.service.ts","statementMap":{"0":{"start":{"line":1,"column":0},"end":{"line":1,"column":44}},"1":{"start":{"line":2,"column":0},"end":{"line":2,"column":54}},"2":{"start":{"line":3,"column":0},"end":{"line":3,"column":51}},"3":{"start":{"line":4,"column":0},"end":{"line":4,"column":37}},"4":{"start":{"line":5,"column":0},"end":{"line":5,"column":54}},"5":{"start":{"line":6,"column":0},"end":{"line":6,"column":63}},"6":{"start":{"line":7,"column":0},"end":{"line":7,"column":55}},"7":{"start":{"line":10,"column":7},"end":{"line":58,"column":null}},"8":{"start":{"line":13,"column":21},"end":{"line":13,"column":30}},"9":{"start":{"line":14,"column":12},"end":{"line":14,"column":26}},"10":{"start":{"line":18,"column":4},"end":{"line":18,"column":51}},"11":{"start":{"line":22,"column":4},"end":{"line":22,"column":55}},"12":{"start":{"line":22,"column":45},"end":{"line":22,"column":53}},"13":{"start":{"line":26,"column":4},"end":{"line":26,"column":31}},"14":{"start":{"line":30,"column":4},"end":{"line":45,"column":7}},"15":{"start":{"line":31,"column":6},"end":{"line":44,"column":7}},"16":{"start":{"line":32,"column":8},"end":{"line":32,"column":38}},"17":{"start":{"line":34,"column":8},"end":{"line":34,"column":33}},"18":{"start":{"line":37,"column":10},"end":{"line":38,"column":24}},"19":{"start":{"line":37,"column":42},"end":{"line":37,"column":59}},"20":{"start":{"line":39,"column":8},"end":{"line":39,"column":42}},"21":{"start":{"line":41,"column":8},"end":{"line":41,"column":38}},"22":{"start":{"line":43,"column":8},"end":{"line":43,"column":33}},"23":{"start":{"line":49,"column":4},"end":{"line":52,"column":6}},"24":{"start":{"line":56,"column":4},"end":{"line":56,"column":37}},"25":{"start":{"line":10,"column":13},"end":{"line":10,"column":26}},"26":{"start":{"line":10,"column":13},"end":{"line":58,"column":null}}},"fnMap":{"0":{"name":"(anonymous_4)","decl":{"start":{"line":11,"column":2},"end":{"line":11,"column":null}},"loc":{"start":{"line":14,"column":39},"end":{"line":15,"column":6}}},"1":{"name":"(anonymous_5)","decl":{"start":{"line":17,"column":2},"end":{"line":17,"column":9}},"loc":{"start":{"line":17,"column":20},"end":{"line":19,"column":3}}},"2":{"name":"(anonymous_6)","decl":{"start":{"line":21,"column":2},"end":{"line":21,"column":14}},"loc":{"start":{"line":21,"column":25},"end":{"line":23,"column":3}}},"3":{"name":"(anonymous_7)","decl":{"start":{"line":22,"column":33},"end":{"line":22,"column":34}},"loc":{"start":{"line":22,"column":45},"end":{"line":22,"column":53}}},"4":{"name":"(anonymous_8)","decl":{"start":{"line":25,"column":2},"end":{"line":25,"column":9}},"loc":{"start":{"line":25,"column":9},"end":{"line":27,"column":3}}},"5":{"name":"(anonymous_9)","decl":{"start":{"line":29,"column":2},"end":{"line":29,"column":8}},"loc":{"start":{"line":29,"column":23},"end":{"line":46,"column":3}}},"6":{"name":"(anonymous_10)","decl":{"start":{"line":30,"column":31},"end":{"line":30,"column":32}},"loc":{"start":{"line":30,"column":43},"end":{"line":45,"column":5}}},"7":{"name":"(anonymous_11)","decl":{"start":{"line":37,"column":25},"end":{"line":37,"column":26}},"loc":{"start":{"line":37,"column":42},"end":{"line":37,"column":59}}},"8":{"name":"(anonymous_12)","decl":{"start":{"line":48,"column":2},"end":{"line":48,"column":18}},"loc":{"start":{"line":48,"column":33},"end":{"line":53,"column":3}}},"9":{"name":"(anonymous_13)","decl":{"start":{"line":55,"column":2},"end":{"line":55,"column":6}},"loc":{"start":{"line":55,"column":21},"end":{"line":57,"column":3}}}},"branchMap":{"0":{"loc":{"start":{"line":31,"column":6},"end":{"line":44,"column":7}},"type":"if","locations":[{"start":{"line":31,"column":6},"end":{"line":44,"column":7}},{"start":{"line":35,"column":13},"end":{"line":44,"column":7}}]}},"s":{"0":2,"1":2,"2":2,"3":2,"4":2,"5":2,"6":2,"7":2,"8":8,"9":8,"10":6,"11":6,"12":6,"13":0,"14":0,"15":0,"16":0,"17":0,"18":0,"19":0,"20":0,"21":0,"22":0,"23":0,"24":0,"25":2,"26":2},"f":{"0":8,"1":6,"2":6,"3":6,"4":0,"5":0,"6":0,"7":0,"8":0,"9":0},"b":{"0":[0,0]}}
,"/home/savoyarde/TP-nodejs/apps/realtime-elo-ranker-server/src/api/player/dto/create-player.dto.ts": {"path":"/home/savoyarde/TP-nodejs/apps/realtime-elo-ranker-server/src/api/player/dto/create-player.dto.ts","statementMap":{"0":{"start":{"line":1,"column":0},"end":{"line":1,"column":62}},"1":{"start":{"line":3,"column":0},"end":{"line":3,"column":13}},"2":{"start":{"line":6,"column":11},"end":{"line":6,"column":null}},"3":{"start":{"line":9,"column":11},"end":{"line":9,"column":null}}},"fnMap":{},"branchMap":{},"s":{"0":1,"1":1,"2":1,"3":1},"f":{},"b":{}}
,"/home/savoyarde/TP-nodejs/apps/realtime-elo-ranker-server/src/api/player/dto/response-player.dto.ts": {"path":"/home/savoyarde/TP-nodejs/apps/realtime-elo-ranker-server/src/api/player/dto/response-player.dto.ts","statementMap":{"0":{"start":{"line":1,"column":0},"end":{"line":1,"column":13}}},"fnMap":{},"branchMap":{},"s":{"0":0},"f":{},"b":{}}
,"/home/savoyarde/TP-nodejs/apps/realtime-elo-ranker-server/src/api/ranking/ranking.controller.ts": {"path":"/home/savoyarde/TP-nodejs/apps/realtime-elo-ranker-server/src/api/ranking/ranking.controller.ts","statementMap":{"0":{"start":{"line":1,"column":0},"end":{"line":1,"column":59}},"1":{"start":{"line":2,"column":0},"end":{"line":2,"column":51}},"2":{"start":{"line":6,"column":0},"end":{"line":6,"column":54}},"3":{"start":{"line":7,"column":0},"end":{"line":7,"column":50}},"4":{"start":{"line":8,"column":0},"end":{"line":8,"column":55}},"5":{"start":{"line":11,"column":7},"end":{"line":39,"column":null}},"6":{"start":{"line":13,"column":21},"end":{"line":13,"column":33}},"7":{"start":{"line":14,"column":12},"end":{"line":14,"column":26}},"8":{"start":{"line":19,"column":20},"end":{"line":19,"column":51}},"9":{"start":{"line":20,"column":4},"end":{"line":25,"column":5}},"10":{"start":{"line":21,"column":6},"end":{"line":24,"column":28}},"11":{"start":{"line":26,"column":4},"end":{"line":26,"column":63}},"12":{"start":{"line":31,"column":4},"end":{"line":37,"column":6}},"13":{"start":{"line":33,"column":8},"end":{"line":35,"column":26}},"14":{"start":{"line":11,"column":13},"end":{"line":11,"column":30}},"15":{"start":{"line":18,"column":8},"end":{"line":27,"column":null}},"16":{"start":{"line":30,"column":2},"end":{"line":38,"column":null}},"17":{"start":{"line":11,"column":13},"end":{"line":39,"column":null}}},"fnMap":{"0":{"name":"(anonymous_4)","decl":{"start":{"line":12,"column":2},"end":{"line":12,"column":null}},"loc":{"start":{"line":14,"column":39},"end":{"line":15,"column":6}}},"1":{"name":"(anonymous_5)","decl":{"start":{"line":18,"column":2},"end":{"line":18,"column":7}},"loc":{"start":{"line":18,"column":36},"end":{"line":27,"column":3}}},"2":{"name":"(anonymous_6)","decl":{"start":{"line":30,"column":2},"end":{"line":30,"column":19}},"loc":{"start":{"line":30,"column":19},"end":{"line":38,"column":3}}},"3":{"name":"(anonymous_7)","decl":{"start":{"line":32,"column":10},"end":{"line":32,"column":11}},"loc":{"start":{"line":32,"column":22},"end":{"line":36,"column":7}}}},"branchMap":{"0":{"loc":{"start":{"line":20,"column":4},"end":{"line":25,"column":5}},"type":"if","locations":[{"start":{"line":20,"column":4},"end":{"line":25,"column":5}}]}},"s":{"0":1,"1":1,"2":1,"3":1,"4":1,"5":1,"6":3,"7":3,"8":2,"9":2,"10":1,"11":1,"12":0,"13":0,"14":1,"15":1,"16":1,"17":1},"f":{"0":3,"1":2,"2":0,"3":0},"b":{"0":[1]}}
,"/home/savoyarde/TP-nodejs/apps/realtime-elo-ranker-server/src/api/ranking/ranking.module.ts": {"path":"/home/savoyarde/TP-nodejs/apps/realtime-elo-ranker-server/src/api/ranking/ranking.module.ts","statementMap":{"0":{"start":{"line":1,"column":0},"end":{"line":1,"column":40}},"1":{"start":{"line":2,"column":0},"end":{"line":2,"column":51}},"2":{"start":{"line":3,"column":0},"end":{"line":3,"column":57}},"3":{"start":{"line":4,"column":0},"end":{"line":4,"column":59}},"4":{"start":{"line":5,"column":0},"end":{"line":5,"column":48}},"5":{"start":{"line":6,"column":0},"end":{"line":6,"column":54}},"6":{"start":{"line":7,"column":0},"end":{"line":7,"column":57}},"7":{"start":{"line":15,"column":7},"end":{"line":15,"column":null}},"8":{"start":{"line":15,"column":13},"end":{"line":15,"column":26}},"9":{"start":{"line":15,"column":13},"end":{"line":15,"column":null}}},"fnMap":{},"branchMap":{},"s":{"0":0,"1":0,"2":0,"3":0,"4":0,"5":0,"6":0,"7":0,"8":0,"9":0},"f":{},"b":{}}
,"/home/savoyarde/TP-nodejs/apps/realtime-elo-ranker-server/src/api/ranking/ranking.service.ts": {"path":"/home/savoyarde/TP-nodejs/apps/realtime-elo-ranker-server/src/api/ranking/ranking.service.ts","statementMap":{"0":{"start":{"line":1,"column":0},"end":{"line":1,"column":44}},"1":{"start":{"line":2,"column":0},"end":{"line":2,"column":51}},"2":{"start":{"line":3,"column":0},"end":{"line":3,"column":54}},"3":{"start":{"line":4,"column":0},"end":{"line":4,"column":37}},"4":{"start":{"line":7,"column":7},"end":{"line":20,"column":null}},"5":{"start":{"line":10,"column":21},"end":{"line":10,"column":30}},"6":{"start":{"line":14,"column":4},"end":{"line":18,"column":7}},"7":{"start":{"line":7,"column":13},"end":{"line":7,"column":27}},"8":{"start":{"line":7,"column":13},"end":{"line":20,"column":null}}},"fnMap":{"0":{"name":"(anonymous_4)","decl":{"start":{"line":8,"column":2},"end":{"line":8,"column":null}},"loc":{"start":{"line":10,"column":48},"end":{"line":11,"column":6}}},"1":{"name":"(anonymous_5)","decl":{"start":{"line":13,"column":2},"end":{"line":13,"column":9}},"loc":{"start":{"line":13,"column":9},"end":{"line":19,"column":3}}}},"branchMap":{},"s":{"0":1,"1":1,"2":1,"3":1,"4":1,"5":3,"6":2,"7":1,"8":1},"f":{"0":3,"1":2},"b":{}}
,"/home/savoyarde/TP-nodejs/apps/realtime-elo-ranker-server/src/api/ranking/events/ranking.event.ts": {"path":"/home/savoyarde/TP-nodejs/apps/realtime-elo-ranker-server/src/api/ranking/events/ranking.event.ts","statementMap":{"0":{"start":{"line":5,"column":20},"end":{"line":5,"column":32}},"1":{"start":{"line":6,"column":20},"end":{"line":6,"column":34}},"2":{"start":{"line":3,"column":0},"end":{"line":3,"column":13}}},"fnMap":{"0":{"name":"(anonymous_0)","decl":{"start":{"line":4,"column":2},"end":{"line":4,"column":null}},"loc":{"start":{"line":6,"column":34},"end":{"line":7,"column":6}}}},"branchMap":{},"s":{"0":0,"1":0,"2":2},"f":{"0":0},"b":{}}
,"/home/savoyarde/TP-nodejs/apps/realtime-elo-ranker-server/src/constants/elo.ts": {"path":"/home/savoyarde/TP-nodejs/apps/realtime-elo-ranker-server/src/constants/elo.ts","statementMap":{"0":{"start":{"line":1,"column":13},"end":{"line":1,"column":30}}},"fnMap":{},"branchMap":{},"s":{"0":1},"f":{},"b":{}}
,"/home/savoyarde/TP-nodejs/apps/realtime-elo-ranker-server/src/constants/events.ts": {"path":"/home/savoyarde/TP-nodejs/apps/realtime-elo-ranker-server/src/constants/events.ts","statementMap":{"0":{"start":{"line":1,"column":13},"end":{"line":1,"column":45}}},"fnMap":{},"branchMap":{},"s":{"0":3},"f":{},"b":{}}
,"/home/savoyarde/TP-nodejs/apps/realtime-elo-ranker-server/src/entities/match.entity.ts": {"path":"/home/savoyarde/TP-nodejs/apps/realtime-elo-ranker-server/src/entities/match.entity.ts","statementMap":{"0":{"start":{"line":1,"column":0},"end":{"line":1,"column":56}},"1":{"start":{"line":4,"column":7},"end":{"line":13,"column":null}},"2":{"start":{"line":4,"column":13},"end":{"line":4,"column":18}},"3":{"start":{"line":6,"column":2},"end":{"line":6,"column":null}},"4":{"start":{"line":9,"column":2},"end":{"line":9,"column":null}},"5":{"start":{"line":12,"column":2},"end":{"line":12,"column":null}},"6":{"start":{"line":4,"column":13},"end":{"line":13,"column":null}}},"fnMap":{},"branchMap":{},"s":{"0":1,"1":1,"2":1,"3":1,"4":1,"5":1,"6":1},"f":{},"b":{}}
,"/home/savoyarde/TP-nodejs/apps/realtime-elo-ranker-server/src/entities/player.entity.ts": {"path":"/home/savoyarde/TP-nodejs/apps/realtime-elo-ranker-server/src/entities/player.entity.ts","statementMap":{"0":{"start":{"line":1,"column":0},"end":{"line":1,"column":56}},"1":{"start":{"line":4,"column":7},"end":{"line":10,"column":null}},"2":{"start":{"line":4,"column":13},"end":{"line":4,"column":19}},"3":{"start":{"line":6,"column":2},"end":{"line":6,"column":null}},"4":{"start":{"line":9,"column":2},"end":{"line":9,"column":null}},"5":{"start":{"line":4,"column":13},"end":{"line":10,"column":null}}},"fnMap":{},"branchMap":{},"s":{"0":3,"1":3,"2":3,"3":3,"4":3,"5":3},"f":{},"b":{}}
,"/home/savoyarde/TP-nodejs/apps/realtime-elo-ranker-server/src/types/types.d.ts": {"path":"/home/savoyarde/TP-nodejs/apps/realtime-elo-ranker-server/src/types/types.d.ts","statementMap":{},"fnMap":{},"branchMap":{},"s":{},"f":{},"b":{}}
,"/home/savoyarde/TP-nodejs/apps/realtime-elo-ranker-server/src/utils/elo.ts": {"path":"/home/savoyarde/TP-nodejs/apps/realtime-elo-ranker-server/src/utils/elo.ts","statementMap":{"0":{"start":{"line":1,"column":0},"end":{"line":1,"column":47}},"1":{"start":{"line":4,"column":27},"end":{"line":8,"column":1}},"2":{"start":{"line":5,"column":18},"end":{"line":5,"column":67}},"3":{"start":{"line":6,"column":19},"end":{"line":6,"column":30}},"4":{"start":{"line":7,"column":2},"end":{"line":7,"column":31}},"5":{"start":{"line":4,"column":13},"end":{"line":4,"column":27}},"6":{"start":{"line":10,"column":26},"end":{"line":28,"column":1}},"7":{"start":{"line":11,"column":32},"end":{"line":11,"column":68}},"8":{"start":{"line":13,"column":24},"end":{"line":13,"column":77}},"9":{"start":{"line":14,"column":23},"end":{"line":15,"column":null}},"10":{"start":{"line":18,"column":2},"end":{"line":27,"column":4}},"11":{"start":{"line":10,"column":13},"end":{"line":10,"column":26}}},"fnMap":{"0":{"name":"(anonymous_0)","decl":{"start":{"line":4,"column":27},"end":{"line":4,"column":28}},"loc":{"start":{"line":4,"column":64},"end":{"line":8,"column":1}}},"1":{"name":"(anonymous_1)","decl":{"start":{"line":10,"column":26},"end":{"line":10,"column":27}},"loc":{"start":{"line":10,"column":75},"end":{"line":28,"column":1}}}},"branchMap":{},"s":{"0":1,"1":1,"2":0,"3":0,"4":0,"5":1,"6":1,"7":0,"8":0,"9":0,"10":0,"11":1},"f":{"0":0,"1":0},"b":{}}
}
